2023-05-18 18:45:32,121 ERROR: Exception on / [GET] [in /home/anton/code_train/Flask/flask/lib/python3.11/site-packages/flask/app.py:1414]
Traceback (most recent call last):
  File "/home/anton/code_train/Flask/flask/lib/python3.11/site-packages/flask/app.py", line 2190, in wsgi_app
    response = self.full_dispatch_request()
               ^^^^^^^^^^^^^^^^^^^^^^^^^^^^
  File "/home/anton/code_train/Flask/flask/lib/python3.11/site-packages/flask/app.py", line 1486, in full_dispatch_request
    rv = self.handle_user_exception(e)
         ^^^^^^^^^^^^^^^^^^^^^^^^^^^^^
  File "/home/anton/code_train/Flask/flask/lib/python3.11/site-packages/flask/app.py", line 1484, in full_dispatch_request
    rv = self.dispatch_request()
         ^^^^^^^^^^^^^^^^^^^^^^^
  File "/home/anton/code_train/Flask/flask/lib/python3.11/site-packages/flask/app.py", line 1469, in dispatch_request
    return self.ensure_sync(self.view_functions[rule.endpoint])(**view_args)
           ^^^^^^^^^^^^^^^^^^^^^^^^^^^^^^^^^^^^^^^^^^^^^^^^^^^^^^^^^^^^^^^^^
  File "/home/anton/code_train/Flask/flask/lib/python3.11/site-packages/flask_login/utils.py", line 290, in decorated_view
    return current_app.ensure_sync(func)(*args, **kwargs)
           ^^^^^^^^^^^^^^^^^^^^^^^^^^^^^^^^^^^^^^^^^^^^^^
  File "/home/anton/code_train/Flask/blog_1/app/routes.py", line 30, in index
    posts = current_user.followed_posts().paginate(
            ^^^^^^^^^^^^^^^^^^^^^^^^^^^^^^^^^^^^^^^
TypeError: Query.paginate() takes 1 positional argument but 4 were given
2023-05-18 18:47:24,294 INFO: Microblog startup [in /home/anton/code_train/Flask/blog_1/app/__init__.py:57]
2023-05-18 18:47:31,812 ERROR: Exception on / [GET] [in /home/anton/code_train/Flask/flask/lib/python3.11/site-packages/flask/app.py:1414]
Traceback (most recent call last):
  File "/home/anton/code_train/Flask/flask/lib/python3.11/site-packages/flask/app.py", line 2190, in wsgi_app
    response = self.full_dispatch_request()
               ^^^^^^^^^^^^^^^^^^^^^^^^^^^^
  File "/home/anton/code_train/Flask/flask/lib/python3.11/site-packages/flask/app.py", line 1486, in full_dispatch_request
    rv = self.handle_user_exception(e)
         ^^^^^^^^^^^^^^^^^^^^^^^^^^^^^
  File "/home/anton/code_train/Flask/flask/lib/python3.11/site-packages/flask/app.py", line 1484, in full_dispatch_request
    rv = self.dispatch_request()
         ^^^^^^^^^^^^^^^^^^^^^^^
  File "/home/anton/code_train/Flask/flask/lib/python3.11/site-packages/flask/app.py", line 1469, in dispatch_request
    return self.ensure_sync(self.view_functions[rule.endpoint])(**view_args)
           ^^^^^^^^^^^^^^^^^^^^^^^^^^^^^^^^^^^^^^^^^^^^^^^^^^^^^^^^^^^^^^^^^
  File "/home/anton/code_train/Flask/flask/lib/python3.11/site-packages/flask_login/utils.py", line 290, in decorated_view
    return current_app.ensure_sync(func)(*args, **kwargs)
           ^^^^^^^^^^^^^^^^^^^^^^^^^^^^^^^^^^^^^^^^^^^^^^
  File "/home/anton/code_train/Flask/blog_1/app/routes.py", line 30, in index
    # posts = current_user.followed_posts().paginate(
            ^^^^^^^^^^^^^^^^^^^^^^^^^^^^^^^^^^^^^^^^^
TypeError: Query.paginate() takes 1 positional argument but 4 were given
2023-05-18 18:48:51,151 INFO: Microblog startup [in /home/anton/code_train/Flask/blog_1/app/__init__.py:57]
2023-05-18 18:49:00,002 INFO: Microblog startup [in /home/anton/code_train/Flask/blog_1/app/__init__.py:57]
2023-05-18 18:50:11,021 INFO: Microblog startup [in /home/anton/code_train/Flask/blog_1/app/__init__.py:57]
2023-05-18 18:56:05,397 INFO: Microblog startup [in /home/anton/code_train/Flask/blog_1/app/__init__.py:57]
2023-05-18 18:56:39,364 INFO: Microblog startup [in /home/anton/code_train/Flask/blog_1/app/__init__.py:57]
2023-05-18 19:01:59,899 INFO: Microblog startup [in /home/anton/code_train/Flask/blog_1/app/__init__.py:57]
2023-05-18 19:02:31,782 INFO: Microblog startup [in /home/anton/code_train/Flask/blog_1/app/__init__.py:57]
2023-05-18 19:06:17,918 INFO: Microblog startup [in /home/anton/code_train/Flask/blog_1/app/__init__.py:57]
2023-05-18 19:07:28,757 INFO: Microblog startup [in /home/anton/code_train/Flask/blog_1/app/__init__.py:57]
2023-05-18 19:20:14,515 INFO: Microblog startup [in /home/anton/code_train/Flask/blog_1/app/__init__.py:57]
